生成启动时间为 2017/1/18 1:36:37。
     1>项目“D:\learning\Graduation_design\mfc_OpenGL_OpenCL\mfc_OpenGL_OpenCL\mfc_OpenGL_OpenCL.vcxproj”在节点 2 上(build 个目标)。
     1>PrepareForBuild:
         正在创建目录“D:\learning\Graduation_design\mfc_OpenGL_OpenCL\Release\”。
       InitializeBuildStatus:
         正在创建“Release\mfc_OpenGL_OpenCL.unsuccessfulbuild”，因为已指定“AlwaysCreate”。
       ClCompile:
         D:\software\VS2010\VC\bin\CL.exe /c /Zi /nologo /W3 /WX- /O2 /Oi /Oy- /GL /D WIN32 /D _WINDOWS /D NDEBUG /D _UNICODE /D UNICODE /Gm- /EHsc /MT /GS /Gy /fp:precise /Zc:wchar_t /Zc:forScope /Yc"StdAfx.h" /Fp"Release\mfc_OpenGL_OpenCL.pch" /Fo"Release\\" /Fd"Release\vc100.pdb" /Gd /TP /analyze- /errorReport:prompt stdafx.cpp
         stdafx.cpp
         D:\software\VS2010\VC\bin\CL.exe /c /Zi /nologo /W3 /WX- /O2 /Oi /Oy- /GL /D WIN32 /D _WINDOWS /D NDEBUG /D _UNICODE /D UNICODE /Gm- /EHsc /MT /GS /Gy /fp:precise /Zc:wchar_t /Zc:forScope /Yu"StdAfx.h" /Fp"Release\mfc_OpenGL_OpenCL.pch" /Fo"Release\\" /Fd"Release\vc100.pdb" /Gd /TP /analyze- /errorReport:prompt ..\..\..\OpenGLLib\include\common\objloader.cpp cusLib.cpp Log.cpp mfc_OpenGL_OpenCL.cpp mfc_OpenGL_OpenCLDlg.cpp PrallalCompute.cpp Render.cpp
         objloader.cpp
     1>..\..\..\OpenGLLib\include\common\objloader.cpp(1): warning C4627: “#include <vector>”: 在查找预编译头使用时跳过
                 将指令添加到“StdAfx.h”或重新生成预编译头
     1>..\..\..\OpenGLLib\include\common\objloader.cpp(3): warning C4627: “#include <string>”: 在查找预编译头使用时跳过
                 将指令添加到“StdAfx.h”或重新生成预编译头
     1>..\..\..\OpenGLLib\include\common\objloader.cpp(4): warning C4627: “#include <cstring>”: 在查找预编译头使用时跳过
                 将指令添加到“StdAfx.h”或重新生成预编译头
     1>..\..\..\OpenGLLib\include\common\objloader.cpp(6): warning C4627: “#include <glm/glm.hpp>”: 在查找预编译头使用时跳过
                 将指令添加到“StdAfx.h”或重新生成预编译头
     1>..\..\..\OpenGLLib\include\common\objloader.cpp(8): warning C4627: “#include "objloader.hpp"”: 在查找预编译头使用时跳过
                 将指令添加到“StdAfx.h”或重新生成预编译头
     1>..\..\..\OpenGLLib\include\common\objloader.cpp(116): warning C4627: “#include <assimp/Importer.hpp>”: 在查找预编译头使用时跳过
                 将指令添加到“StdAfx.h”或重新生成预编译头
     1>..\..\..\OpenGLLib\include\common\objloader.cpp(117): warning C4627: “#include <assimp/scene.h>”: 在查找预编译头使用时跳过
                 将指令添加到“StdAfx.h”或重新生成预编译头
     1>..\..\..\OpenGLLib\include\common\objloader.cpp(118): warning C4627: “#include <assimp/postprocess.h>”: 在查找预编译头使用时跳过
                 将指令添加到“StdAfx.h”或重新生成预编译头
     1>..\..\..\OpenGLLib\include\common\objloader.cpp(174): fatal error C1010: 在查找预编译头时遇到意外的文件结尾。是否忘记了向源中添加“#include "StdAfx.h"”?
         cusLib.cpp
     1>cusLib.cpp(1): warning C4627: “#include "cusLib.h"”: 在查找预编译头使用时跳过
                 将指令添加到“StdAfx.h”或重新生成预编译头
     1>cusLib.cpp(27): fatal error C1010: 在查找预编译头时遇到意外的文件结尾。是否忘记了向源中添加“#include "StdAfx.h"”?
         Log.cpp
     1>d:\learning\graduation_design\mfc_opengl_opencl\mfc_opengl_opencl\cusLib.h(9): fatal error C1083: 无法打开包括文件:“CL/cl.h”: No such file or directory
         mfc_OpenGL_OpenCL.cpp
     1>d:\learning\graduation_design\mfc_opengl_opencl\mfc_opengl_opencl\cusLib.h(9): fatal error C1083: 无法打开包括文件:“CL/cl.h”: No such file or directory
         mfc_OpenGL_OpenCLDlg.cpp
     1>d:\learning\graduation_design\mfc_opengl_opencl\mfc_opengl_opencl\cusLib.h(9): fatal error C1083: 无法打开包括文件:“CL/cl.h”: No such file or directory
         PrallalCompute.cpp
     1>PrallalCompute.cpp(2): warning C4627: “#include "PrallalCompute.h"”: 在查找预编译头使用时跳过
                 将指令添加到“StdAfx.h”或重新生成预编译头
     1>PrallalCompute.cpp(3): warning C4627: “#include "Log.h"”: 在查找预编译头使用时跳过
                 将指令添加到“StdAfx.h”或重新生成预编译头
     1>PrallalCompute.cpp(238): fatal error C1010: 在查找预编译头时遇到意外的文件结尾。是否忘记了向源中添加“#include "StdAfx.h"”?
         Render.cpp
     1>d:\learning\graduation_design\mfc_opengl_opencl\mfc_opengl_opencl\cusLib.h(9): fatal error C1083: 无法打开包括文件:“CL/cl.h”: No such file or directory
     1>已完成生成项目“D:\learning\Graduation_design\mfc_OpenGL_OpenCL\mfc_OpenGL_OpenCL\mfc_OpenGL_OpenCL.vcxproj”(build 个目标)的操作 - 失败。

生成失败。

已用时间 00:00:03.88
