生成启动时间为 2017/2/12 0:16:23。
     1>项目“D:\learning\Graduation_design\mfc_OpenGL_OpenCL\mfc_OpenGL_OpenCL\mfc_OpenGL_OpenCL.vcxproj”在节点 2 上(build 个目标)。
     1>InitializeBuildStatus:
         正在创建“Debug\mfc_OpenGL_OpenCL.unsuccessfulbuild”，因为已指定“AlwaysCreate”。
       ClCompile:
         所有输出均为最新。
         D:\software\VS2010\VC\bin\CL.exe /c /I"D:\software\OpenCL\OpenCL SDK\6.3\include" /ID:\learning\OpenGLLib\include /ZI /nologo /W3 /WX- /Od /Oy- /D WIN32 /D _WINDOWS /D _DEBUG /D _UNICODE /D UNICODE /D _AFXDLL /Gm /EHsc /RTC1 /MDd /GS /fp:precise /Zc:wchar_t /Zc:forScope /Fo"Debug\\" /Fd"Debug\vc100.pdb" /Gd /TP /analyze- /errorReport:prompt PrallalCompute.cpp
         PrallalCompute.cpp
     1>d:\learning\graduation_design\mfc_opengl_opencl\mfc_opengl_opencl\prallalcompute.cpp(192): warning C4244: “=”: 从“std::streamoff”转换到“size_t”，可能丢失数据
     1>d:\learning\graduation_design\mfc_opengl_opencl\mfc_opengl_opencl\prallalcompute.cpp(229): warning C4996: 'clCreateCommandQueue': 被声明为已否决
                 d:\software\opencl\opencl sdk\6.3\include\cl\cl.h(1428) : 参见“clCreateCommandQueue”的声明
     1>d:\learning\graduation_design\mfc_opengl_opencl\mfc_opengl_opencl\prallalcompute.cpp(288): warning C4244: “=”: 从“int”转换到“float”，可能丢失数据
     1>d:\learning\graduation_design\mfc_opengl_opencl\mfc_opengl_opencl\prallalcompute.cpp(289): warning C4244: “=”: 从“int”转换到“float”，可能丢失数据
     1>d:\learning\graduation_design\mfc_opengl_opencl\mfc_opengl_opencl\prallalcompute.cpp(290): warning C4244: “=”: 从“int”转换到“float”，可能丢失数据
     1>d:\learning\graduation_design\mfc_opengl_opencl\mfc_opengl_opencl\prallalcompute.cpp(292): warning C4244: “=”: 从“int”转换到“float”，可能丢失数据
     1>d:\learning\graduation_design\mfc_opengl_opencl\mfc_opengl_opencl\prallalcompute.cpp(293): warning C4244: “=”: 从“int”转换到“float”，可能丢失数据
     1>d:\learning\graduation_design\mfc_opengl_opencl\mfc_opengl_opencl\prallalcompute.cpp(294): warning C4244: “=”: 从“int”转换到“float”，可能丢失数据
     1>d:\learning\graduation_design\mfc_opengl_opencl\mfc_opengl_opencl\prallalcompute.cpp(307): warning C4101: “iStatus”: 未引用的局部变量
     1>d:\learning\graduation_design\mfc_opengl_opencl\mfc_opengl_opencl\prallalcompute.cpp(335): warning C4101: “iStatus”: 未引用的局部变量
     1>d:\learning\graduation_design\mfc_opengl_opencl\mfc_opengl_opencl\prallalcompute.cpp(474): warning C4244: “初始化”: 从“double”转换到“int”，可能丢失数据
     1>d:\learning\graduation_design\mfc_opengl_opencl\mfc_opengl_opencl\prallalcompute.cpp(475): warning C4244: “初始化”: 从“double”转换到“int”，可能丢失数据
     1>d:\learning\graduation_design\mfc_opengl_opencl\mfc_opengl_opencl\prallalcompute.cpp(500): warning C4554: “|”: 检查运算符优先级可能存在的错误；使用圆括号阐明优先级
     1>d:\learning\graduation_design\mfc_opengl_opencl\mfc_opengl_opencl\prallalcompute.cpp(516): warning C4244: “参数”: 从“float”转换到“unsigned int”，可能丢失数据
     1>d:\learning\graduation_design\mfc_opengl_opencl\mfc_opengl_opencl\prallalcompute.cpp(517): warning C4018: “<”: 有符号/无符号不匹配
     1>d:\learning\graduation_design\mfc_opengl_opencl\mfc_opengl_opencl\prallalcompute.cpp(519): warning C4244: “=”: 从“double”转换到“float”，可能丢失数据
     1>d:\learning\graduation_design\mfc_opengl_opencl\mfc_opengl_opencl\prallalcompute.cpp(528): warning C4244: “初始化”: 从“double”转换到“int”，可能丢失数据
     1>d:\learning\graduation_design\mfc_opengl_opencl\mfc_opengl_opencl\prallalcompute.cpp(529): warning C4244: “初始化”: 从“double”转换到“int”，可能丢失数据
     1>d:\learning\graduation_design\mfc_opengl_opencl\mfc_opengl_opencl\prallalcompute.cpp(672): warning C4554: “|”: 检查运算符优先级可能存在的错误；使用圆括号阐明优先级
     1>d:\learning\graduation_design\mfc_opengl_opencl\mfc_opengl_opencl\prallalcompute.cpp(672): warning C4554: “|”: 检查运算符优先级可能存在的错误；使用圆括号阐明优先级
     1>d:\learning\graduation_design\mfc_opengl_opencl\mfc_opengl_opencl\prallalcompute.cpp(672): warning C4554: “|”: 检查运算符优先级可能存在的错误；使用圆括号阐明优先级
     1>d:\learning\graduation_design\mfc_opengl_opencl\mfc_opengl_opencl\prallalcompute.cpp(672): warning C4554: “|”: 检查运算符优先级可能存在的错误；使用圆括号阐明优先级
     1>d:\learning\graduation_design\mfc_opengl_opencl\mfc_opengl_opencl\prallalcompute.cpp(678): warning C4244: “=”: 从“int”转换到“float”，可能丢失数据
     1>d:\learning\graduation_design\mfc_opengl_opencl\mfc_opengl_opencl\prallalcompute.cpp(679): warning C4244: “=”: 从“int”转换到“float”，可能丢失数据
     1>d:\learning\graduation_design\mfc_opengl_opencl\mfc_opengl_opencl\prallalcompute.cpp(686): warning C4554: “|”: 检查运算符优先级可能存在的错误；使用圆括号阐明优先级
     1>d:\learning\graduation_design\mfc_opengl_opencl\mfc_opengl_opencl\prallalcompute.cpp(686): warning C4554: “|”: 检查运算符优先级可能存在的错误；使用圆括号阐明优先级
     1>d:\learning\graduation_design\mfc_opengl_opencl\mfc_opengl_opencl\prallalcompute.cpp(686): warning C4554: “|”: 检查运算符优先级可能存在的错误；使用圆括号阐明优先级
     1>d:\learning\graduation_design\mfc_opengl_opencl\mfc_opengl_opencl\prallalcompute.cpp(686): warning C4554: “|”: 检查运算符优先级可能存在的错误；使用圆括号阐明优先级
     1>d:\learning\graduation_design\mfc_opengl_opencl\mfc_opengl_opencl\prallalcompute.cpp(686): warning C4554: “|”: 检查运算符优先级可能存在的错误；使用圆括号阐明优先级
     1>d:\learning\graduation_design\mfc_opengl_opencl\mfc_opengl_opencl\prallalcompute.cpp(692): warning C4244: “=”: 从“int”转换到“float”，可能丢失数据
     1>d:\learning\graduation_design\mfc_opengl_opencl\mfc_opengl_opencl\prallalcompute.cpp(693): warning C4244: “=”: 从“int”转换到“float”，可能丢失数据
       ResourceCompile:
         所有输出均为最新。
       ManifestResourceCompile:
         所有输出均为最新。
       Link:
         D:\software\VS2010\VC\bin\link.exe /ERRORREPORT:PROMPT /OUT:"D:\learning\Graduation_design\mfc_OpenGL_OpenCL\Debug\mfc_OpenGL_OpenCL.exe" /INCREMENTAL /NOLOGO /LIBPATH:"D:\software\OpenCL\OpenCL SDK\6.3\lib\x86" /LIBPATH:D:\learning\OpenGLLib\lib OpenCL.lib glew32.lib OpenGL32.lib glfw3.lib OpenCL.lib /NODEFAULTLIB:MSVCRT /MANIFEST /ManifestFile:"Debug\mfc_OpenGL_OpenCL.exe.intermediate.manifest" /MANIFESTUAC:"level='asInvoker' uiAccess='false'" /DEBUG /PDB:"D:\learning\Graduation_design\mfc_OpenGL_OpenCL\Debug\mfc_OpenGL_OpenCL.pdb" /SUBSYSTEM:WINDOWS /TLBID:1 /ENTRY:"wWinMainCRTStartup" /DYNAMICBASE /NXCOMPAT /IMPLIB:"D:\learning\Graduation_design\mfc_OpenGL_OpenCL\Debug\mfc_OpenGL_OpenCL.lib" /MACHINE:X86 Debug\mfc_OpenGL_OpenCL.res
         Debug\mfc_OpenGL_OpenCL.exe.embed.manifest.res
         Debug\objloader.obj
         Debug\shader.obj
         Debug\cusLib.obj
         Debug\Log.obj
         Debug\mfc_OpenGL_OpenCL.obj
         Debug\mfc_OpenGL_OpenCLDlg.obj
         Debug\PrallalCompute.obj
         Debug\PSOParamDlg.obj
         Debug\Render.obj
         Debug\RenderDlg.obj
         Debug\SAAParamDlg.obj
         Debug\stdafx.obj
       Manifest:
         C:\Program Files (x86)\Microsoft SDKs\Windows\v7.0A\bin\mt.exe /nologo /verbose /out:"Debug\mfc_OpenGL_OpenCL.exe.embed.manifest" /manifest Debug\mfc_OpenGL_OpenCL.exe.intermediate.manifest D:\software\VS2010\VC\Include\Manifest\dpiaware.manifest
         所有输出均为最新。
       LinkEmbedManifest:
         所有输出均为最新。
         mfc_OpenGL_OpenCL.vcxproj -> D:\learning\Graduation_design\mfc_OpenGL_OpenCL\Debug\mfc_OpenGL_OpenCL.exe
       FinalizeBuildStatus:
         正在删除文件“Debug\mfc_OpenGL_OpenCL.unsuccessfulbuild”。
         正在对“Debug\mfc_OpenGL_OpenCL.lastbuildstate”执行 Touch 任务。
     1>已完成生成项目“D:\learning\Graduation_design\mfc_OpenGL_OpenCL\mfc_OpenGL_OpenCL\mfc_OpenGL_OpenCL.vcxproj”(build 个目标)的操作。

生成成功。

已用时间 00:00:05.22
